<?xml version="1.0" encoding="UTF-8"?>
<!-- Generated by org.testng.reporters.JUnitReportReporter -->
<testsuite hostname="BLR1-LTBPKSX52" name="selenium_Interview_Question.TimeOut_TestNG" tests="1" failures="0" timestamp="28 Sep 2020 15:51:13 GMT" time="2.145" errors="1">
  <testcase name="timeOut" time="2.145" classname="selenium_Interview_Question.TimeOut_TestNG">
    <error type="org.testng.internal.thread.ThreadTimeoutException" message="Method org.testng.internal.TestNGMethod.timeOut() didn&#039;t finish within the time-out 2000">
      <![CDATA[org.testng.internal.thread.ThreadTimeoutException: Method org.testng.internal.TestNGMethod.timeOut() didn't finish within the time-out 2000
	at java.lang.Thread.interrupt(Thread.java:919)
	at org.testng.internal.InvokeMethodRunnable.runOne(InvokeMethodRunnable.java:64)
	at org.testng.internal.InvokeMethodRunnable.run(InvokeMethodRunnable.java:44)
	at java.util.concurrent.Executors$RunnableAdapter.call(Executors.java:511)
	at java.util.concurrent.FutureTask.run(FutureTask.java:266)
	at java.util.concurrent.ThreadPoolExecutor.runWorker(ThreadPoolExecutor.java:1149)
	at java.util.concurrent.ThreadPoolExecutor$Worker.run(ThreadPoolExecutor.java:624)
	at java.lang.Thread.run(Thread.java:748)
]]>
    </error>
  </testcase> <!-- timeOut -->
</testsuite> <!-- selenium_Interview_Question.TimeOut_TestNG -->
