<?xml version="1.0" encoding="UTF-8"?>
<!-- Generated by org.testng.reporters.JUnitReportReporter -->
<testsuite hostname="BLR1-LTBPKSX52" name="selenium_Interview_Question.ActiveElements" tests="1" failures="0" timestamp="28 Jun 2019 06:29:35 GMT" time="71.541" errors="0">
  <testcase name="activeElement" time="71.541" classname="selenium_Interview_Question.ActiveElements"/>
</testsuite> <!-- selenium_Interview_Question.ActiveElements -->
