<?xml version="1.0" encoding="UTF-8"?>
<!-- Generated by org.testng.reporters.JUnitReportReporter -->
<testsuite hostname="BLR1-LTBPKSX52" name="selenium_Interview_Question.Underline_Element" tests="1" failures="0" timestamp="30 Aug 2020 06:12:16 GMT" time="27.887" errors="0">
  <testcase name="verifyUnderline" time="27.887" classname="selenium_Interview_Question.Underline_Element"/>
</testsuite> <!-- selenium_Interview_Question.Underline_Element -->
