<?xml version="1.0" encoding="UTF-8"?>
<!-- Generated by org.testng.reporters.JUnitReportReporter -->
<testsuite hostname="BLR1-LTBPKSX52" name="selenium_Interview_Question.Handle_Authentication_Popup" tests="1" failures="0" timestamp="21 Jun 2019 13:52:47 GMT" time="14.073" errors="0">
  <testcase name="handleAuthentication" time="14.073" classname="selenium_Interview_Question.Handle_Authentication_Popup"/>
</testsuite> <!-- selenium_Interview_Question.Handle_Authentication_Popup -->
