<?xml version="1.0" encoding="UTF-8"?>
<!-- Generated by org.testng.reporters.JUnitReportReporter -->
<testsuite hostname="BLR1-LTBPKSX52" name="selenium_Interview_Question.TimeOut_TestNG" tests="1" failures="0" timestamp="27 Jun 2019 11:17:05 GMT" time="2.050" errors="1">
  <testcase name="timeOut" time="2.050" classname="selenium_Interview_Question.TimeOut_TestNG">
    <error type="org.testng.internal.thread.ThreadTimeoutException" message="Method org.testng.internal.TestNGMethod.timeOut() didn&#039;t finish within the time-out 2000">
      <![CDATA[org.testng.internal.thread.ThreadTimeoutException: Method org.testng.internal.TestNGMethod.timeOut() didn't finish within the time-out 2000
	at java.util.concurrent.ThreadPoolExecutor.runWorker(Unknown Source)
	at java.util.concurrent.ThreadPoolExecutor$Worker.run(Unknown Source)
	at java.lang.Thread.run(Unknown Source)
]]>
    </error>
  </testcase> <!-- timeOut -->
</testsuite> <!-- selenium_Interview_Question.TimeOut_TestNG -->
