<?xml version="1.0" encoding="UTF-8"?>
<!-- Generated by org.testng.reporters.JUnitReportReporter -->
<testsuite hostname="BLR1-LTBPKSX52" name="selenium_Interview_Question.InvocationCount" tests="3" failures="0" timestamp="12 Jul 2019 16:55:09 GMT" time="0.016" errors="0">
  <testcase name="invocationCount" time="0.016" classname="selenium_Interview_Question.InvocationCount"/>
  <testcase name="invocationCount" time="0.000" classname="selenium_Interview_Question.InvocationCount"/>
  <testcase name="invocationCount" time="0.000" classname="selenium_Interview_Question.InvocationCount"/>
</testsuite> <!-- selenium_Interview_Question.InvocationCount -->
