<?xml version="1.0" encoding="UTF-8"?>
<!-- Generated by org.testng.reporters.JUnitReportReporter -->
<testsuite hostname="BLR1-LTBPKSX52" name="selenium_Interview_Question.Extend_Report" tests="1" failures="0" timestamp="22 Jul 2019 11:05:59 GMT" time="28.633" errors="0">
  <testcase name="Login" time="28.633" classname="selenium_Interview_Question.Extend_Report"/>
</testsuite> <!-- selenium_Interview_Question.Extend_Report -->
