<?xml version="1.0" encoding="UTF-8"?>
<!-- Generated by org.testng.reporters.JUnitReportReporter -->
<testsuite hostname="BLR1-LTBPKSX52" name="selenium_Interview_Question.ExceptionHandling_TestNG_timeOut" tests="1" failures="0" timestamp="21 Jun 2019 16:53:17 GMT" time="2.055" errors="0">
  <testcase name="exceptionHandling" time="2.055" classname="selenium_Interview_Question.ExceptionHandling_TestNG_timeOut"/>
</testsuite> <!-- selenium_Interview_Question.ExceptionHandling_TestNG_timeOut -->
