<?xml version="1.0" encoding="UTF-8"?>
<!-- Generated by org.testng.reporters.JUnitReportReporter -->
<testsuite hostname="BLR1-LTBPKSX52" name="selenium_Interview_Question.Underline_Element" tests="1" failures="0" timestamp="28 Jun 2019 06:35:44 GMT" time="12.761" errors="0">
  <testcase name="verifyUnderline" time="12.761" classname="selenium_Interview_Question.Underline_Element"/>
</testsuite> <!-- selenium_Interview_Question.Underline_Element -->
